
2025/03/08 (12:21:33) | ===> btop++ v.1.4.0
2025/03/08 (12:21:33) | WARNING: Intel GPU: Failed to initialize PMU

2025/03/08 (17:57:58) | ===> btop++ v.1.4.0
2025/03/08 (17:57:58) | WARNING: Intel GPU: Failed to initialize PMU
2025/03/09 (11:08:39) | ERROR: Stall in Runner thread, restarting!

2025/03/09 (17:42:24) | ===> btop++ v.1.4.0
2025/03/09 (17:42:24) | WARNING: Intel GPU: Failed to initialize PMU

2025/03/09 (18:43:46) | ===> btop++ v.1.4.0
2025/03/09 (18:43:46) | WARNING: Intel GPU: Failed to initialize PMU

2025/03/09 (18:56:21) | ===> btop++ v.1.4.0
2025/03/09 (18:56:21) | WARNING: Intel GPU: Failed to initialize PMU

2025/03/09 (18:56:28) | ===> btop++ v.1.4.0
2025/03/09 (18:56:28) | WARNING: Intel GPU: Failed to initialize PMU

2025/03/12 (15:31:44) | ===> btop++ v.1.4.0
2025/03/12 (15:31:44) | WARNING: Intel GPU: Failed to initialize PMU

2025/03/12 (18:18:39) | ===> btop++ v.1.4.0
2025/03/12 (18:18:39) | WARNING: Intel GPU: Failed to initialize PMU

2025/03/13 (12:11:34) | ===> btop++ v.1.4.0
2025/03/13 (12:11:34) | WARNING: Intel GPU: Failed to initialize PMU

2025/03/21 (14:39:19) | ===> btop++ v.1.4.0
2025/03/21 (14:39:19) | WARNING: Intel GPU: Failed to initialize PMU

2025/03/30 (16:42:47) | ===> btop++ v.1.4.0
2025/03/30 (16:42:47) | WARNING: Intel GPU: Failed to initialize PMU

2025/03/30 (16:54:34) | ===> btop++ v.1.4.0
2025/03/30 (16:54:34) | WARNING: Intel GPU: Failed to initialize PMU

2025/03/30 (16:54:38) | ===> btop++ v.1.4.0
2025/03/30 (16:54:38) | WARNING: Intel GPU: Failed to initialize PMU

2025/03/30 (23:34:07) | ===> btop++ v.1.4.0
2025/03/30 (23:34:07) | WARNING: Intel GPU: Failed to initialize PMU

2025/03/31 (11:28:57) | ===> btop++ v.1.4.0
2025/03/31 (11:28:57) | WARNING: Intel GPU: Failed to initialize PMU

2025/03/31 (11:44:35) | ===> btop++ v.1.4.0
2025/03/31 (11:44:35) | WARNING: Intel GPU: Failed to initialize PMU

2025/03/31 (11:55:56) | ===> btop++ v.1.4.0
2025/03/31 (11:55:56) | WARNING: Intel GPU: Failed to initialize PMU
2025/03/31 (11:56:06) | WARNING: Failed to join _runner thread on exit!

2025/03/31 (13:30:26) | ===> btop++ v.1.4.0
2025/03/31 (13:30:26) | WARNING: Intel GPU: Failed to initialize PMU

2025/03/31 (13:30:41) | ===> btop++ v.1.4.0
2025/03/31 (13:30:41) | WARNING: Intel GPU: Failed to initialize PMU

2025/03/31 (15:12:09) | ===> btop++ v.1.4.0
2025/03/31 (15:12:09) | WARNING: Intel GPU: Failed to initialize PMU

2025/03/31 (16:08:42) | ===> btop++ v.1.4.0
2025/03/31 (16:08:42) | WARNING: Intel GPU: Failed to initialize PMU

2025/03/31 (20:58:55) | ===> btop++ v.1.4.0
2025/03/31 (20:58:55) | WARNING: Intel GPU: Failed to initialize PMU

2025/04/01 (07:24:58) | ===> btop++ v.1.4.0
2025/04/01 (07:24:58) | WARNING: Intel GPU: Failed to initialize PMU

2025/04/01 (16:30:25) | ===> btop++ v.1.4.0
2025/04/01 (16:30:25) | WARNING: Intel GPU: Failed to initialize PMU

2025/04/01 (17:48:59) | ===> btop++ v.1.4.0
2025/04/01 (17:48:59) | WARNING: Intel GPU: Failed to initialize PMU

2025/04/01 (17:53:47) | ===> btop++ v.1.4.0
2025/04/01 (17:53:47) | WARNING: Intel GPU: Failed to initialize PMU

2025/04/01 (18:09:31) | ===> btop++ v.1.4.0
2025/04/01 (18:09:31) | WARNING: Intel GPU: Failed to initialize PMU

2025/04/02 (07:33:37) | ===> btop++ v.1.4.0
2025/04/02 (07:33:37) | WARNING: Intel GPU: Failed to initialize PMU

2025/04/02 (07:40:52) | ===> btop++ v.1.4.0
2025/04/02 (07:40:52) | WARNING: Intel GPU: Failed to initialize PMU

2025/04/02 (07:42:59) | ===> btop++ v.1.4.0
2025/04/02 (07:42:59) | WARNING: Intel GPU: Failed to initialize PMU

2025/04/02 (07:43:30) | ===> btop++ v.1.4.0
2025/04/02 (07:43:30) | WARNING: Intel GPU: Failed to initialize PMU

2025/04/02 (07:45:29) | ===> btop++ v.1.4.0
2025/04/02 (07:45:29) | WARNING: Intel GPU: Failed to initialize PMU

2025/04/02 (07:45:32) | ===> btop++ v.1.4.0
2025/04/02 (07:45:32) | WARNING: Intel GPU: Failed to initialize PMU

2025/04/02 (07:46:05) | ===> btop++ v.1.4.0
2025/04/02 (07:46:05) | WARNING: Intel GPU: Failed to initialize PMU

2025/04/02 (07:47:03) | ===> btop++ v.1.4.0
2025/04/02 (07:47:03) | WARNING: Intel GPU: Failed to initialize PMU

2025/04/02 (07:47:45) | ===> btop++ v.1.4.0
2025/04/02 (07:47:45) | WARNING: Intel GPU: Failed to initialize PMU

2025/04/02 (07:47:49) | ===> btop++ v.1.4.0
2025/04/02 (07:47:49) | WARNING: Intel GPU: Failed to initialize PMU

2025/04/02 (07:49:07) | ===> btop++ v.1.4.0
2025/04/02 (07:49:07) | WARNING: Intel GPU: Failed to initialize PMU

2025/04/02 (07:49:22) | ===> btop++ v.1.4.0
2025/04/02 (07:49:22) | WARNING: Intel GPU: Failed to initialize PMU

2025/04/02 (07:49:31) | ===> btop++ v.1.4.0
2025/04/02 (07:49:31) | WARNING: Intel GPU: Failed to initialize PMU

2025/04/02 (07:50:12) | ===> btop++ v.1.4.0
2025/04/02 (07:50:12) | WARNING: Intel GPU: Failed to initialize PMU

2025/04/02 (07:50:45) | ===> btop++ v.1.4.0
2025/04/02 (07:50:45) | WARNING: Intel GPU: Failed to initialize PMU

2025/04/02 (07:51:10) | ===> btop++ v.1.4.0
2025/04/02 (07:51:10) | WARNING: Intel GPU: Failed to initialize PMU

2025/04/02 (07:51:31) | ===> btop++ v.1.4.0
2025/04/02 (07:51:31) | WARNING: Intel GPU: Failed to initialize PMU

2025/04/02 (07:51:52) | ===> btop++ v.1.4.0
2025/04/02 (07:51:52) | WARNING: Intel GPU: Failed to initialize PMU

2025/04/02 (07:52:56) | ===> btop++ v.1.4.0
2025/04/02 (07:52:56) | WARNING: Intel GPU: Failed to initialize PMU

2025/04/02 (07:53:19) | ===> btop++ v.1.4.0
2025/04/02 (07:53:19) | WARNING: Intel GPU: Failed to initialize PMU

2025/04/02 (07:53:34) | ===> btop++ v.1.4.0
2025/04/02 (07:53:34) | WARNING: Intel GPU: Failed to initialize PMU

2025/04/02 (07:53:50) | ===> btop++ v.1.4.0
2025/04/02 (07:53:50) | WARNING: Intel GPU: Failed to initialize PMU

2025/04/02 (07:54:00) | ===> btop++ v.1.4.0
2025/04/02 (07:54:00) | WARNING: Intel GPU: Failed to initialize PMU

2025/04/02 (07:54:13) | ===> btop++ v.1.4.0
2025/04/02 (07:54:13) | WARNING: Intel GPU: Failed to initialize PMU

2025/04/02 (08:02:09) | ===> btop++ v.1.4.0
2025/04/02 (08:02:09) | WARNING: Intel GPU: Failed to initialize PMU

2025/04/02 (08:02:36) | ===> btop++ v.1.4.0
2025/04/02 (08:02:36) | WARNING: Intel GPU: Failed to initialize PMU

2025/04/02 (08:04:21) | ===> btop++ v.1.4.0
2025/04/02 (08:04:21) | WARNING: Intel GPU: Failed to initialize PMU

2025/04/02 (08:13:25) | ===> btop++ v.1.4.0
2025/04/02 (08:13:25) | WARNING: Intel GPU: Failed to initialize PMU
2025/04/02 (08:13:27) | ERROR: Couldn't determine terminal size of "STDOUT_FILENO"!
2025/04/02 (08:13:27) | ERROR: Couldn't determine terminal size of "/dev/tty"!

2025/04/02 (08:14:20) | ===> btop++ v.1.4.0
2025/04/02 (08:14:20) | WARNING: Intel GPU: Failed to initialize PMU

2025/04/02 (08:16:58) | ===> btop++ v.1.4.0
2025/04/02 (08:16:58) | WARNING: Intel GPU: Failed to initialize PMU

2025/04/02 (08:20:02) | ===> btop++ v.1.4.0
2025/04/02 (08:20:02) | WARNING: Intel GPU: Failed to initialize PMU

2025/04/02 (08:20:12) | ===> btop++ v.1.4.0
2025/04/02 (08:20:12) | WARNING: Intel GPU: Failed to initialize PMU

2025/04/02 (08:20:30) | ===> btop++ v.1.4.0
2025/04/02 (08:20:30) | WARNING: Intel GPU: Failed to initialize PMU

2025/04/02 (08:25:10) | ===> btop++ v.1.4.0
2025/04/02 (08:25:10) | WARNING: Intel GPU: Failed to initialize PMU

2025/04/02 (08:26:37) | ===> btop++ v.1.4.0
2025/04/02 (08:26:37) | WARNING: Intel GPU: Failed to initialize PMU

2025/04/02 (08:28:16) | ===> btop++ v.1.4.0
2025/04/02 (08:28:16) | WARNING: Intel GPU: Failed to initialize PMU

2025/04/02 (08:29:07) | ===> btop++ v.1.4.0
2025/04/02 (08:29:07) | WARNING: Intel GPU: Failed to initialize PMU

2025/04/02 (08:29:45) | ===> btop++ v.1.4.0
2025/04/02 (08:29:45) | WARNING: Intel GPU: Failed to initialize PMU

2025/04/02 (08:30:51) | ===> btop++ v.1.4.0
2025/04/02 (08:30:51) | WARNING: Intel GPU: Failed to initialize PMU

2025/04/02 (08:58:12) | ===> btop++ v.1.4.0
2025/04/02 (08:58:12) | WARNING: Intel GPU: Failed to initialize PMU

2025/04/02 (10:49:32) | ===> btop++ v.1.4.0
2025/04/02 (10:49:32) | WARNING: Intel GPU: Failed to initialize PMU

2025/04/02 (10:50:10) | ===> btop++ v.1.4.0
2025/04/02 (10:50:10) | WARNING: Intel GPU: Failed to initialize PMU

2025/04/02 (10:50:19) | ===> btop++ v.1.4.0
2025/04/02 (10:50:19) | WARNING: Intel GPU: Failed to initialize PMU

2025/04/02 (10:51:10) | ===> btop++ v.1.4.0
2025/04/02 (10:51:10) | WARNING: Intel GPU: Failed to initialize PMU

2025/04/02 (10:51:22) | ===> btop++ v.1.4.0
2025/04/02 (10:51:22) | WARNING: Intel GPU: Failed to initialize PMU

2025/04/02 (10:52:03) | ===> btop++ v.1.4.0
2025/04/02 (10:52:03) | WARNING: Intel GPU: Failed to initialize PMU

2025/04/02 (10:52:25) | ===> btop++ v.1.4.0
2025/04/02 (10:52:25) | WARNING: Intel GPU: Failed to initialize PMU

2025/04/02 (10:54:16) | ===> btop++ v.1.4.0
2025/04/02 (10:54:16) | WARNING: Intel GPU: Failed to initialize PMU

2025/04/02 (10:54:42) | ===> btop++ v.1.4.0
2025/04/02 (10:54:42) | WARNING: Intel GPU: Failed to initialize PMU

2025/04/02 (10:55:40) | ===> btop++ v.1.4.0
2025/04/02 (10:55:40) | WARNING: Intel GPU: Failed to initialize PMU

2025/04/02 (10:59:30) | ===> btop++ v.1.4.0
2025/04/02 (10:59:30) | WARNING: Intel GPU: Failed to initialize PMU

2025/04/02 (11:00:35) | ===> btop++ v.1.4.0
2025/04/02 (11:00:35) | WARNING: Intel GPU: Failed to initialize PMU

2025/04/02 (12:43:03) | ===> btop++ v.1.4.0
2025/04/02 (12:43:03) | WARNING: Intel GPU: Failed to initialize PMU

2025/04/02 (12:46:57) | ===> btop++ v.1.4.0
2025/04/02 (12:46:57) | WARNING: Intel GPU: Failed to initialize PMU

2025/04/03 (07:16:40) | ===> btop++ v.1.4.0
2025/04/03 (07:16:40) | WARNING: Intel GPU: Failed to initialize PMU

2025/04/03 (07:46:35) | ===> btop++ v.1.4.0
2025/04/03 (07:46:35) | WARNING: Intel GPU: Failed to initialize PMU

2025/04/03 (07:50:46) | ===> btop++ v.1.4.0
2025/04/03 (07:50:46) | WARNING: Intel GPU: Failed to initialize PMU

2025/04/03 (07:52:20) | ===> btop++ v.1.4.0
2025/04/03 (07:52:20) | WARNING: Intel GPU: Failed to initialize PMU

2025/04/03 (07:59:28) | ===> btop++ v.1.4.0
2025/04/03 (07:59:28) | WARNING: Intel GPU: Failed to initialize PMU

2025/04/03 (07:59:44) | ===> btop++ v.1.4.0
2025/04/03 (07:59:44) | WARNING: Intel GPU: Failed to initialize PMU

2025/04/03 (07:59:59) | ===> btop++ v.1.4.0
2025/04/03 (07:59:59) | WARNING: Intel GPU: Failed to initialize PMU

2025/04/03 (08:02:28) | ===> btop++ v.1.4.0
2025/04/03 (08:02:28) | WARNING: Intel GPU: Failed to initialize PMU

2025/04/03 (08:03:10) | ===> btop++ v.1.4.0
2025/04/03 (08:03:10) | WARNING: Intel GPU: Failed to initialize PMU

2025/04/03 (08:12:15) | ===> btop++ v.1.4.0
2025/04/03 (08:12:15) | WARNING: Intel GPU: Failed to initialize PMU

2025/04/03 (08:15:46) | ===> btop++ v.1.4.0
2025/04/03 (08:15:46) | WARNING: Intel GPU: Failed to initialize PMU

2025/04/03 (08:47:56) | ===> btop++ v.1.4.0
2025/04/03 (08:47:56) | WARNING: Intel GPU: Failed to initialize PMU

2025/04/04 (07:29:19) | ===> btop++ v.1.4.0
2025/04/04 (07:29:19) | WARNING: Intel GPU: Failed to initialize PMU

2025/04/07 (14:43:33) | ===> btop++ v.1.4.0
2025/04/07 (14:43:33) | WARNING: Intel GPU: Failed to initialize PMU

2025/04/07 (17:19:38) | ===> btop++ v.1.4.0
2025/04/07 (17:19:38) | WARNING: Intel GPU: Failed to initialize PMU

2025/04/08 (07:00:54) | ===> btop++ v.1.4.0
2025/04/08 (07:00:54) | WARNING: Intel GPU: Failed to initialize PMU

2025/04/08 (08:22:12) | ===> btop++ v.1.4.0
2025/04/08 (08:22:12) | WARNING: Intel GPU: Failed to initialize PMU

2025/04/09 (15:30:02) | ===> btop++ v.1.4.0
2025/04/09 (15:30:02) | WARNING: Intel GPU: Failed to initialize PMU

2025/04/10 (07:27:19) | ===> btop++ v.1.4.0
2025/04/10 (07:27:19) | WARNING: Intel GPU: Failed to initialize PMU

2025/04/10 (17:20:30) | ===> btop++ v.1.4.0
2025/04/10 (17:20:30) | WARNING: Intel GPU: Failed to initialize PMU

2025/04/13 (16:11:19) | ===> btop++ v.1.4.0
2025/04/13 (16:11:19) | WARNING: Intel GPU: Failed to initialize PMU

2025/04/20 (12:17:41) | ===> btop++ v.1.4.0
2025/04/20 (12:17:41) | WARNING: Intel GPU: Failed to initialize PMU

2025/04/20 (16:58:10) | ===> btop++ v.1.4.0
2025/04/20 (16:58:10) | WARNING: Intel GPU: Failed to initialize PMU

2025/04/22 (16:19:55) | ===> btop++ v.1.4.0
2025/04/22 (16:19:55) | WARNING: Intel GPU: Failed to initialize PMU

2025/04/22 (16:35:22) | ===> btop++ v.1.4.0
2025/04/22 (16:35:22) | WARNING: Intel GPU: Failed to initialize PMU

2025/04/23 (17:12:16) | ===> btop++ v.1.4.0
2025/04/23 (17:12:16) | WARNING: Intel GPU: Failed to initialize PMU

2025/04/27 (20:44:37) | ===> btop++ v.1.4.0
2025/04/27 (20:44:37) | WARNING: Intel GPU: Failed to initialize PMU

2025/04/28 (15:35:46) | ===> btop++ v.1.4.0
2025/04/28 (15:35:46) | WARNING: Intel GPU: Failed to initialize PMU

2025/04/29 (13:03:22) | ===> btop++ v.1.4.0
2025/04/29 (13:03:22) | WARNING: Intel GPU: Failed to initialize PMU

2025/04/29 (19:03:20) | ===> btop++ v.1.4.0
2025/04/29 (19:03:20) | WARNING: Intel GPU: Failed to initialize PMU
